<?xml version="1.0" encoding="UTF-8"?>
<testng-results ignored="0" total="5" passed="5" failed="0" skipped="0">
  <reporter-output>
  </reporter-output>
  <suite started-at="2026-03-26T12:20:42 IST" name="Default suite" finished-at="2026-03-26T12:20:42 IST" duration-ms="74">
    <groups>
    </groups>
    <test started-at="2026-03-26T12:20:42 IST" name="Default test" finished-at="2026-03-26T12:20:42 IST" duration-ms="74">
      <class name="priority.SamePriority">
        <test-method signature="b_method()[pri:1, instance:priority.SamePriority@51399530]" started-at="2026-03-26T12:20:42 IST" name="b_method" finished-at="2026-03-26T12:20:42 IST" duration-ms="11" status="PASS">
          <reporter-output>
          </reporter-output>
        </test-method> <!-- b_method -->
        <test-method signature="d_method()[pri:2, instance:priority.SamePriority@51399530]" started-at="2026-03-26T12:20:42 IST" name="d_method" finished-at="2026-03-26T12:20:42 IST" duration-ms="2" status="PASS">
          <reporter-output>
          </reporter-output>
        </test-method> <!-- d_method -->
        <test-method signature="c_method()[pri:3, instance:priority.SamePriority@51399530]" started-at="2026-03-26T12:20:42 IST" name="c_method" finished-at="2026-03-26T12:20:42 IST" duration-ms="1" status="PASS">
          <reporter-output>
          </reporter-output>
        </test-method> <!-- c_method -->
        <test-method signature="a_method()[pri:9, instance:priority.SamePriority@51399530]" started-at="2026-03-26T12:20:42 IST" name="a_method" finished-at="2026-03-26T12:20:42 IST" duration-ms="1" status="PASS">
          <reporter-output>
          </reporter-output>
        </test-method> <!-- a_method -->
        <test-method signature="e_method()[pri:9, instance:priority.SamePriority@51399530]" started-at="2026-03-26T12:20:42 IST" name="e_method" finished-at="2026-03-26T12:20:42 IST" duration-ms="2" status="PASS">
          <reporter-output>
          </reporter-output>
        </test-method> <!-- e_method -->
      </class> <!-- priority.SamePriority -->
    </test> <!-- Default test -->
  </suite> <!-- Default suite -->
</testng-results>
