<?xml version="1.0" encoding="UTF-8"?>
<!-- Generated by org.testng.reporters.JUnitReportReporter -->
<testsuite hostname="DESKTOP-S78OTOI" failures="0" tests="5" name="priority.SamePriority" time="0.017" errors="0" timestamp="2026-03-26T12:20:42 IST" skipped="0">
  <testcase classname="priority.SamePriority" name="b_method" time="0.011"/>
  <testcase classname="priority.SamePriority" name="d_method" time="0.002"/>
  <testcase classname="priority.SamePriority" name="c_method" time="0.001"/>
  <testcase classname="priority.SamePriority" name="a_method" time="0.001"/>
  <testcase classname="priority.SamePriority" name="e_method" time="0.002"/>
</testsuite> <!-- priority.SamePriority -->
