<?xml version="1.0" encoding="UTF-8"?>
<!-- Generated by org.testng.reporters.JUnitReportReporter -->
<testsuite hostname="DESKTOP-S78OTOI" failures="0" tests="4" name="priority.WithPriority" time="10.156" errors="0" timestamp="2026-03-26T12:13:12 IST" skipped="0">
  <testcase classname="priority.WithPriority" name="openBrowser" time="3.464"/>
  <testcase classname="priority.WithPriority" name="launchGoogle" time="0.787"/>
  <testcase classname="priority.WithPriority" name="performeSearchAndClick1stLink" time="0.176"/>
  <testcase classname="priority.WithPriority" name="FaceBookPageTitleVerification" time="5.729"/>
</testsuite> <!-- priority.WithPriority -->
