<?xml version="1.0" encoding="UTF-8"?>
<!-- Generated by org.testng.reporters.JUnitReportReporter -->
<testsuite hostname="DESKTOP-S78OTOI" failures="0" tests="5" name="priority.CombinationPriority" time="0.017" errors="0" timestamp="2026-03-26T12:19:44 IST" skipped="0">
  <testcase classname="priority.CombinationPriority" name="d_method" time="0.003"/>
  <testcase classname="priority.CombinationPriority" name="c_method" time="0.010"/>
  <testcase classname="priority.CombinationPriority" name="b_method" time="0.002"/>
  <testcase classname="priority.CombinationPriority" name="e_method" time="0.001"/>
  <testcase classname="priority.CombinationPriority" name="a_method" time="0.001"/>
</testsuite> <!-- priority.CombinationPriority -->
